Building DAG of jobs...
Using shell: /bin/bash
Provided cores: 1
Rules claiming more threads will be scaled down.
Job counts:
	count	jobs
	1	alldata
	1	count_words
	1	count_words_isles
	3

[Wed May 22 10:18:05 2019]
rule count_words:
    input: data/abyss.txt
    output: processed_data/abyss.dat
    jobid: 2

[Wed May 22 10:18:05 2019]
Finished job 2.
1 of 3 steps (33%) done

[Wed May 22 10:18:05 2019]
rule count_words_isles:
    input: data/isles.txt
    output: processed_data/isles.dat
    jobid: 1

[Wed May 22 10:18:05 2019]
Finished job 1.
2 of 3 steps (67%) done

[Wed May 22 10:18:05 2019]
localrule alldata:
    input: processed_data/isles.dat, processed_data/abyss.dat
    jobid: 0

[Wed May 22 10:18:05 2019]
Finished job 0.
3 of 3 steps (100%) done
Complete log: /home/kalle/Skrivbord/coderefinery/word-count/.snakemake/log/2019-05-22T101805.091933.snakemake.log
